#
# There is insufficient memory for the Java Runtime Environment to continue.
# Native memory allocation (malloc) failed to allocate 1722880 bytes. Error detail: Chunk::new
# Possible reasons:
#   The system is out of physical RAM or swap space
#   This process is running with CompressedOops enabled, and the Java Heap may be blocking the growth of the native heap
# Possible solutions:
#   Reduce memory load on the system
#   Increase physical memory or swap space
#   Check if swap backing store is full
#   Decrease Java heap size (-Xmx/-Xms)
#   Decrease number of Java threads
#   Decrease Java thread stack sizes (-Xss)
#   Set larger code cache with -XX:ReservedCodeCacheSize=
#   JVM is running with Zero Based Compressed Oops mode in which the Java heap is
#     placed in the first 32GB address space. The Java Heap base address is the
#     maximum limit for the native heap growth. Please use -XX:HeapBaseMinAddress
#     to set the Java Heap base and to place the Java Heap above 32GB virtual address.
# This output file may be truncated or incomplete.
#
#  Out of Memory Error (arena.cpp:168), pid=7796, tid=18472
#
# JRE version: OpenJDK Runtime Environment JBR-21.0.7+9-895.130-jcef (21.0.7+9) (build 21.0.7+9-b895.130)
# Java VM: OpenJDK 64-Bit Server VM JBR-21.0.7+9-895.130-jcef (21.0.7+9-b895.130, mixed mode, sharing, tiered, compressed oops, compressed class ptrs, g1 gc, windows-amd64)
# No core dump will be written. Minidumps are not enabled by default on client versions of Windows
#

---------------  S U M M A R Y ------------

Command Line: -Dclassworlds.conf=C:\Program Files\JetBrains\IntelliJ IDEA Community Edition 2025.1.2\plugins\maven\lib\maven3\bin\m2.conf -Dmaven.home=C:\Program Files\JetBrains\IntelliJ IDEA Community Edition 2025.1.2\plugins\maven\lib\maven3 -Dlibrary.jansi.path=C:\Program Files\JetBrains\IntelliJ IDEA Community Edition 2025.1.2\plugins\maven\lib\maven3\lib\jansi-native -Dmaven.multiModuleProjectDirectory=C:\Users\Andrey\IdeaProjects\tender org.codehaus.plexus.classworlds.launcher.Launcher compile

Host: Intel(R) Core(TM) i7-2670QM CPU @ 2.20GHz, 8 cores, 15G,  Windows 10 , 64 bit Build 19041 (10.0.19041.5915)
Time: Tue Jul 29 17:16:40 2025 RTZ 2 (s 10 , 64 bit Build 19041 (10.0.19041.5915) elapsed time: 8.008903 seconds (0d 0h 0m 8s)

---------------  T H R E A D  ---------------

Current thread (0x00000200a48f0a90):  JavaThread "C2 CompilerThread0" daemon [_thread_in_native, id=18472, stack(0x00000011f6f00000,0x00000011f7000000) (1024K)]


Current CompileTask:
C2:8009 3960   !   4       org.codehaus.plexus.interpolation.StringSearchInterpolator::interpolate (668 bytes)

Stack: [0x00000011f6f00000,0x00000011f7000000]
Native frames: (J=compiled Java code, j=interpreted, Vv=VM code, C=native code)
V  [jvm.dll+0x6e6049]
V  [jvm.dll+0x8c4343]
V  [jvm.dll+0x8c689e]
V  [jvm.dll+0x8c6f83]
V  [jvm.dll+0x289266]
V  [jvm.dll+0xc675d]
V  [jvm.dll+0xc6c93]
V  [jvm.dll+0x3c4a0b]
V  [jvm.dll+0x3905b7]
V  [jvm.dll+0x38fa2a]
V  [jvm.dll+0x250912]
V  [jvm.dll+0x24fee1]
V  [jvm.dll+0x1cd734]
V  [jvm.dll+0x25f76c]
V  [jvm.dll+0x25dcb6]
V  [jvm.dll+0x3ffa86]
V  [jvm.dll+0x86bea8]
V  [jvm.dll+0x6e480d]
C  [ucrtbase.dll+0x21bb2]
C  [KERNEL32.DLL+0x17374]
C  [ntdll.dll+0x4cc91]


---------------  P R O C E S S  ---------------

Threads class SMR info:
_java_thread_list=0x00000200ea9b2bd0, length=14, elements={
0x000002008781ed30, 0x00000200a48d9970, 0x00000200a48da880, 0x00000200a48e08c0,
0x00000200a48e1310, 0x00000200a48e1d60, 0x00000200a48e27b0, 0x00000200a48f0a90,
0x00000200a48f2530, 0x00000200a4a345f0, 0x00000200a4a36e20, 0x00000200eb035cd0,
0x00000200eaf981a0, 0x00000200eaf97ad0
}

Java Threads: ( => current thread )
  0x000002008781ed30 JavaThread "main"                              [_thread_in_Java, id=19156, stack(0x00000011f6100000,0x00000011f6200000) (1024K)]
  0x00000200a48d9970 JavaThread "Reference Handler"          daemon [_thread_blocked, id=7080, stack(0x00000011f6900000,0x00000011f6a00000) (1024K)]
  0x00000200a48da880 JavaThread "Finalizer"                  daemon [_thread_blocked, id=15092, stack(0x00000011f6a00000,0x00000011f6b00000) (1024K)]
  0x00000200a48e08c0 JavaThread "Signal Dispatcher"          daemon [_thread_blocked, id=10984, stack(0x00000011f6b00000,0x00000011f6c00000) (1024K)]
  0x00000200a48e1310 JavaThread "Attach Listener"            daemon [_thread_blocked, id=8412, stack(0x00000011f6c00000,0x00000011f6d00000) (1024K)]
  0x00000200a48e1d60 JavaThread "Service Thread"             daemon [_thread_blocked, id=1576, stack(0x00000011f6d00000,0x00000011f6e00000) (1024K)]
  0x00000200a48e27b0 JavaThread "Monitor Deflation Thread"   daemon [_thread_blocked, id=20144, stack(0x00000011f6e00000,0x00000011f6f00000) (1024K)]
=>0x00000200a48f0a90 JavaThread "C2 CompilerThread0"         daemon [_thread_in_native, id=18472, stack(0x00000011f6f00000,0x00000011f7000000) (1024K)]
  0x00000200a48f2530 JavaThread "C1 CompilerThread0"         daemon [_thread_blocked, id=5172, stack(0x00000011f7000000,0x00000011f7100000) (1024K)]
  0x00000200a4a345f0 JavaThread "Notification Thread"        daemon [_thread_blocked, id=19904, stack(0x00000011f7100000,0x00000011f7200000) (1024K)]
  0x00000200a4a36e20 JavaThread "Common-Cleaner"             daemon [_thread_blocked, id=12556, stack(0x00000011f7200000,0x00000011f7300000) (1024K)]
  0x00000200eb035cd0 JavaThread "Thread-1"                   daemon [_thread_blocked, id=11900, stack(0x00000011f7300000,0x00000011f7400000) (1024K)]
  0x00000200eaf981a0 JavaThread "C2 CompilerThread1"         daemon [_thread_in_native, id=15048, stack(0x00000011f7b00000,0x00000011f7c00000) (1024K)]
  0x00000200eaf97ad0 JavaThread "C2 CompilerThread2"         daemon [_thread_in_native, id=10176, stack(0x00000011f7c00000,0x00000011f7d00000) (1024K)]
Total: 14

Other Threads:
  0x00000200a48c6340 VMThread "VM Thread"                           [id=14044, stack(0x00000011f6800000,0x00000011f6900000) (1024K)]
  0x00000200a1eff800 WatcherThread "VM Periodic Task Thread"        [id=14516, stack(0x00000011f6700000,0x00000011f6800000) (1024K)]
  0x0000020089af7070 WorkerThread "GC Thread#0"                     [id=14932, stack(0x00000011f6200000,0x00000011f6300000) (1024K)]
  0x00000200eab12090 WorkerThread "GC Thread#1"                     [id=6880, stack(0x00000011f7400000,0x00000011f7500000) (1024K)]
  0x00000200eab12430 WorkerThread "GC Thread#2"                     [id=6968, stack(0x00000011f7500000,0x00000011f7600000) (1024K)]
  0x00000200eab127d0 WorkerThread "GC Thread#3"                     [id=8704, stack(0x00000011f7600000,0x00000011f7700000) (1024K)]
  0x00000200ea3c4180 WorkerThread "GC Thread#4"                     [id=14192, stack(0x00000011f7700000,0x00000011f7800000) (1024K)]
  0x00000200ea3c4d30 WorkerThread "GC Thread#5"                     [id=16956, stack(0x00000011f7800000,0x00000011f7900000) (1024K)]
  0x00000200eae9bc10 WorkerThread "GC Thread#6"                     [id=3516, stack(0x00000011f7900000,0x00000011f7a00000) (1024K)]
  0x00000200eabdc660 WorkerThread "GC Thread#7"                     [id=17708, stack(0x00000011f7a00000,0x00000011f7b00000) (1024K)]
  0x0000020089b09c90 ConcurrentGCThread "G1 Main Marker"            [id=20448, stack(0x00000011f6300000,0x00000011f6400000) (1024K)]
  0x0000020089b0d220 WorkerThread "G1 Conc#0"                       [id=13740, stack(0x00000011f6400000,0x00000011f6500000) (1024K)]
  0x00000200a1dcbcc0 ConcurrentGCThread "G1 Refine#0"               [id=1468, stack(0x00000011f6500000,0x00000011f6600000) (1024K)]
  0x00000200a1dcc740 ConcurrentGCThread "G1 Service"                [id=19072, stack(0x00000011f6600000,0x00000011f6700000) (1024K)]
Total: 14

Threads with active compile tasks:
C2 CompilerThread0  8103 3960   !   4       org.codehaus.plexus.interpolation.StringSearchInterpolator::interpolate (668 bytes)
C2 CompilerThread1  8103 4143       4       org.apache.maven.model.validation.DefaultModelValidator::validateEffectiveDependency (631 bytes)
C2 CompilerThread2  8103 4140       4       org.apache.maven.model.interpolation.StringVisitorModelInterpolator$ModelVisitor::visit (117 bytes)
Total: 3

VM state: not at safepoint (normal execution)

VM Mutex/Monitor currently owned by a thread: None

Heap address: 0x0000000702400000, size: 4060 MB, Compressed Oops mode: Zero based, Oop shift amount: 3

CDS archive(s) mapped at: [0x00000200a5000000-0x00000200a5d10000-0x00000200a5d10000), size 13697024, SharedBaseAddress: 0x00000200a5000000, ArchiveRelocationMode: 1.
Compressed class space mapped at: 0x00000200a6000000-0x00000200e6000000, reserved size: 1073741824
Narrow klass base: 0x00000200a5000000, Narrow klass shift: 0, Narrow klass range: 0x100000000

GC Precious Log:
 CardTable entry size: 512
 Card Set container configuration: InlinePtr #cards 4 size 8 Array Of Cards #cards 16 size 48 Howl #buckets 8 coarsen threshold 3686 Howl Bitmap #cards 512 size 80 coarsen threshold 460 Card regions per heap region 1 cards per card region 4096
 CPUs: 8 total, 8 available
 Memory: 16235M
 Large Page Support: Disabled
 NUMA Support: Disabled
 Compressed Oops: Enabled (Zero based)
 Heap Region Size: 2M
 Heap Min Capacity: 8M
 Heap Initial Capacity: 254M
 Heap Max Capacity: 4060M
 Pre-touch: Disabled
 Parallel Workers: 8
 Concurrent Workers: 2
 Concurrent Refinement Workers: 8
 Periodic GC: Disabled

Heap:
 garbage-first heap   total 260096K, used 85464K [0x0000000702400000, 0x0000000800000000)
  region size 2048K, 42 young (86016K), 1 survivors (2048K)
 Metaspace       used 16879K, committed 17152K, reserved 1114112K
  class space    used 1965K, committed 2112K, reserved 1048576K

Heap Regions: E=young(eden), S=young(survivor), O=old, HS=humongous(starts), HC=humongous(continues), CS=collection set, F=free, TAMS=top-at-mark-start, PB=parsable bottom
|   0|0x0000000702400000, 0x0000000702600000, 0x0000000702600000|100%| O|  |TAMS 0x0000000702400000| PB 0x0000000702400000| Untracked 
|   1|0x0000000702600000, 0x000000070278c098, 0x0000000702800000| 77%| O|  |TAMS 0x0000000702600000| PB 0x0000000702600000| Untracked 
|   2|0x0000000702800000, 0x0000000702800000, 0x0000000702a00000|  0%| F|  |TAMS 0x0000000702800000| PB 0x0000000702800000| Untracked 
|   3|0x0000000702a00000, 0x0000000702a00000, 0x0000000702c00000|  0%| F|  |TAMS 0x0000000702a00000| PB 0x0000000702a00000| Untracked 
|   4|0x0000000702c00000, 0x0000000702c00000, 0x0000000702e00000|  0%| F|  |TAMS 0x0000000702c00000| PB 0x0000000702c00000| Untracked 
|   5|0x0000000702e00000, 0x0000000702e00000, 0x0000000703000000|  0%| F|  |TAMS 0x0000000702e00000| PB 0x0000000702e00000| Untracked 
|   6|0x0000000703000000, 0x0000000703000000, 0x0000000703200000|  0%| F|  |TAMS 0x0000000703000000| PB 0x0000000703000000| Untracked 
|   7|0x0000000703200000, 0x0000000703200000, 0x0000000703400000|  0%| F|  |TAMS 0x0000000703200000| PB 0x0000000703200000| Untracked 
|   8|0x0000000703400000, 0x0000000703400000, 0x0000000703600000|  0%| F|  |TAMS 0x0000000703400000| PB 0x0000000703400000| Untracked 
|   9|0x0000000703600000, 0x0000000703600000, 0x0000000703800000|  0%| F|  |TAMS 0x0000000703600000| PB 0x0000000703600000| Untracked 
|  10|0x0000000703800000, 0x0000000703800000, 0x0000000703a00000|  0%| F|  |TAMS 0x0000000703800000| PB 0x0000000703800000| Untracked 
|  11|0x0000000703a00000, 0x0000000703a00000, 0x0000000703c00000|  0%| F|  |TAMS 0x0000000703a00000| PB 0x0000000703a00000| Untracked 
|  12|0x0000000703c00000, 0x0000000703c00000, 0x0000000703e00000|  0%| F|  |TAMS 0x0000000703c00000| PB 0x0000000703c00000| Untracked 
|  13|0x0000000703e00000, 0x0000000703e00000, 0x0000000704000000|  0%| F|  |TAMS 0x0000000703e00000| PB 0x0000000703e00000| Untracked 
|  14|0x0000000704000000, 0x0000000704000000, 0x0000000704200000|  0%| F|  |TAMS 0x0000000704000000| PB 0x0000000704000000| Untracked 
|  15|0x0000000704200000, 0x0000000704200000, 0x0000000704400000|  0%| F|  |TAMS 0x0000000704200000| PB 0x0000000704200000| Untracked 
|  16|0x0000000704400000, 0x0000000704400000, 0x0000000704600000|  0%| F|  |TAMS 0x0000000704400000| PB 0x0000000704400000| Untracked 
|  17|0x0000000704600000, 0x0000000704600000, 0x0000000704800000|  0%| F|  |TAMS 0x0000000704600000| PB 0x0000000704600000| Untracked 
|  18|0x0000000704800000, 0x0000000704800000, 0x0000000704a00000|  0%| F|  |TAMS 0x0000000704800000| PB 0x0000000704800000| Untracked 
|  19|0x0000000704a00000, 0x0000000704a00000, 0x0000000704c00000|  0%| F|  |TAMS 0x0000000704a00000| PB 0x0000000704a00000| Untracked 
|  20|0x0000000704c00000, 0x0000000704c00000, 0x0000000704e00000|  0%| F|  |TAMS 0x0000000704c00000| PB 0x0000000704c00000| Untracked 
|  21|0x0000000704e00000, 0x0000000704e00000, 0x0000000705000000|  0%| F|  |TAMS 0x0000000704e00000| PB 0x0000000704e00000| Untracked 
|  22|0x0000000705000000, 0x0000000705000000, 0x0000000705200000|  0%| F|  |TAMS 0x0000000705000000| PB 0x0000000705000000| Untracked 
|  23|0x0000000705200000, 0x0000000705200000, 0x0000000705400000|  0%| F|  |TAMS 0x0000000705200000| PB 0x0000000705200000| Untracked 
|  24|0x0000000705400000, 0x0000000705400000, 0x0000000705600000|  0%| F|  |TAMS 0x0000000705400000| PB 0x0000000705400000| Untracked 
|  25|0x0000000705600000, 0x0000000705600000, 0x0000000705800000|  0%| F|  |TAMS 0x0000000705600000| PB 0x0000000705600000| Untracked 
|  26|0x0000000705800000, 0x0000000705800000, 0x0000000705a00000|  0%| F|  |TAMS 0x0000000705800000| PB 0x0000000705800000| Untracked 
|  27|0x0000000705a00000, 0x0000000705a00000, 0x0000000705c00000|  0%| F|  |TAMS 0x0000000705a00000| PB 0x0000000705a00000| Untracked 
|  28|0x0000000705c00000, 0x0000000705c00000, 0x0000000705e00000|  0%| F|  |TAMS 0x0000000705c00000| PB 0x0000000705c00000| Untracked 
|  29|0x0000000705e00000, 0x0000000705e00000, 0x0000000706000000|  0%| F|  |TAMS 0x0000000705e00000| PB 0x0000000705e00000| Untracked 
|  30|0x0000000706000000, 0x0000000706000000, 0x0000000706200000|  0%| F|  |TAMS 0x0000000706000000| PB 0x0000000706000000| Untracked 
|  31|0x0000000706200000, 0x0000000706200000, 0x0000000706400000|  0%| F|  |TAMS 0x0000000706200000| PB 0x0000000706200000| Untracked 
|  32|0x0000000706400000, 0x0000000706400000, 0x0000000706600000|  0%| F|  |TAMS 0x0000000706400000| PB 0x0000000706400000| Untracked 
|  33|0x0000000706600000, 0x0000000706600000, 0x0000000706800000|  0%| F|  |TAMS 0x0000000706600000| PB 0x0000000706600000| Untracked 
|  34|0x0000000706800000, 0x0000000706800000, 0x0000000706a00000|  0%| F|  |TAMS 0x0000000706800000| PB 0x0000000706800000| Untracked 
|  35|0x0000000706a00000, 0x0000000706a00000, 0x0000000706c00000|  0%| F|  |TAMS 0x0000000706a00000| PB 0x0000000706a00000| Untracked 
|  36|0x0000000706c00000, 0x0000000706c00000, 0x0000000706e00000|  0%| F|  |TAMS 0x0000000706c00000| PB 0x0000000706c00000| Untracked 
|  37|0x0000000706e00000, 0x0000000706e00000, 0x0000000707000000|  0%| F|  |TAMS 0x0000000706e00000| PB 0x0000000706e00000| Untracked 
|  38|0x0000000707000000, 0x0000000707000000, 0x0000000707200000|  0%| F|  |TAMS 0x0000000707000000| PB 0x0000000707000000| Untracked 
|  39|0x0000000707200000, 0x0000000707200000, 0x0000000707400000|  0%| F|  |TAMS 0x0000000707200000| PB 0x0000000707200000| Untracked 
|  40|0x0000000707400000, 0x0000000707400000, 0x0000000707600000|  0%| F|  |TAMS 0x0000000707400000| PB 0x0000000707400000| Untracked 
|  41|0x0000000707600000, 0x0000000707600000, 0x0000000707800000|  0%| F|  |TAMS 0x0000000707600000| PB 0x0000000707600000| Untracked 
|  42|0x0000000707800000, 0x0000000707800000, 0x0000000707a00000|  0%| F|  |TAMS 0x0000000707800000| PB 0x0000000707800000| Untracked 
|  43|0x0000000707a00000, 0x0000000707a00000, 0x0000000707c00000|  0%| F|  |TAMS 0x0000000707a00000| PB 0x0000000707a00000| Untracked 
|  44|0x0000000707c00000, 0x0000000707c00000, 0x0000000707e00000|  0%| F|  |TAMS 0x0000000707c00000| PB 0x0000000707c00000| Untracked 
|  45|0x0000000707e00000, 0x0000000707e00000, 0x0000000708000000|  0%| F|  |TAMS 0x0000000707e00000| PB 0x0000000707e00000| Untracked 
|  46|0x0000000708000000, 0x0000000708000000, 0x0000000708200000|  0%| F|  |TAMS 0x0000000708000000| PB 0x0000000708000000| Untracked 
|  47|0x0000000708200000, 0x0000000708200000, 0x0000000708400000|  0%| F|  |TAMS 0x0000000708200000| PB 0x0000000708200000| Untracked 
|  48|0x0000000708400000, 0x0000000708400000, 0x0000000708600000|  0%| F|  |TAMS 0x0000000708400000| PB 0x0000000708400000| Untracked 
|  49|0x0000000708600000, 0x0000000708600000, 0x0000000708800000|  0%| F|  |TAMS 0x0000000708600000| PB 0x0000000708600000| Untracked 
|  50|0x0000000708800000, 0x0000000708800000, 0x0000000708a00000|  0%| F|  |TAMS 0x0000000708800000| PB 0x0000000708800000| Untracked 
|  51|0x0000000708a00000, 0x0000000708a00000, 0x0000000708c00000|  0%| F|  |TAMS 0x0000000708a00000| PB 0x0000000708a00000| Untracked 
|  52|0x0000000708c00000, 0x0000000708c00000, 0x0000000708e00000|  0%| F|  |TAMS 0x0000000708c00000| PB 0x0000000708c00000| Untracked 
|  53|0x0000000708e00000, 0x0000000708e00000, 0x0000000709000000|  0%| F|  |TAMS 0x0000000708e00000| PB 0x0000000708e00000| Untracked 
|  54|0x0000000709000000, 0x0000000709000000, 0x0000000709200000|  0%| F|  |TAMS 0x0000000709000000| PB 0x0000000709000000| Untracked 
|  55|0x0000000709200000, 0x0000000709200000, 0x0000000709400000|  0%| F|  |TAMS 0x0000000709200000| PB 0x0000000709200000| Untracked 
|  56|0x0000000709400000, 0x0000000709400000, 0x0000000709600000|  0%| F|  |TAMS 0x0000000709400000| PB 0x0000000709400000| Untracked 
|  57|0x0000000709600000, 0x0000000709600000, 0x0000000709800000|  0%| F|  |TAMS 0x0000000709600000| PB 0x0000000709600000| Untracked 
|  58|0x0000000709800000, 0x0000000709800000, 0x0000000709a00000|  0%| F|  |TAMS 0x0000000709800000| PB 0x0000000709800000| Untracked 
|  59|0x0000000709a00000, 0x0000000709a00000, 0x0000000709c00000|  0%| F|  |TAMS 0x0000000709a00000| PB 0x0000000709a00000| Untracked 
|  60|0x0000000709c00000, 0x0000000709c00000, 0x0000000709e00000|  0%| F|  |TAMS 0x0000000709c00000| PB 0x0000000709c00000| Untracked 
|  61|0x0000000709e00000, 0x0000000709e00000, 0x000000070a000000|  0%| F|  |TAMS 0x0000000709e00000| PB 0x0000000709e00000| Untracked 
|  62|0x000000070a000000, 0x000000070a000000, 0x000000070a200000|  0%| F|  |TAMS 0x000000070a000000| PB 0x000000070a000000| Untracked 
|  63|0x000000070a200000, 0x000000070a200000, 0x000000070a400000|  0%| F|  |TAMS 0x000000070a200000| PB 0x000000070a200000| Untracked 
|  64|0x000000070a400000, 0x000000070a400000, 0x000000070a600000|  0%| F|  |TAMS 0x000000070a400000| PB 0x000000070a400000| Untracked 
|  65|0x000000070a600000, 0x000000070a600000, 0x000000070a800000|  0%| F|  |TAMS 0x000000070a600000| PB 0x000000070a600000| Untracked 
|  66|0x000000070a800000, 0x000000070a800000, 0x000000070aa00000|  0%| F|  |TAMS 0x000000070a800000| PB 0x000000070a800000| Untracked 
|  67|0x000000070aa00000, 0x000000070aa00000, 0x000000070ac00000|  0%| F|  |TAMS 0x000000070aa00000| PB 0x000000070aa00000| Untracked 
|  68|0x000000070ac00000, 0x000000070ac00000, 0x000000070ae00000|  0%| F|  |TAMS 0x000000070ac00000| PB 0x000000070ac00000| Untracked 
|  69|0x000000070ae00000, 0x000000070ae00000, 0x000000070b000000|  0%| F|  |TAMS 0x000000070ae00000| PB 0x000000070ae00000| Untracked 
|  70|0x000000070b000000, 0x000000070b000000, 0x000000070b200000|  0%| F|  |TAMS 0x000000070b000000| PB 0x000000070b000000| Untracked 
|  71|0x000000070b200000, 0x000000070b200000, 0x000000070b400000|  0%| F|  |TAMS 0x000000070b200000| PB 0x000000070b200000| Untracked 
|  72|0x000000070b400000, 0x000000070b400000, 0x000000070b600000|  0%| F|  |TAMS 0x000000070b400000| PB 0x000000070b400000| Untracked 
|  73|0x000000070b600000, 0x000000070b600000, 0x000000070b800000|  0%| F|  |TAMS 0x000000070b600000| PB 0x000000070b600000| Untracked 
|  74|0x000000070b800000, 0x000000070b800000, 0x000000070ba00000|  0%| F|  |TAMS 0x000000070b800000| PB 0x000000070b800000| Untracked 
|  75|0x000000070ba00000, 0x000000070ba00000, 0x000000070bc00000|  0%| F|  |TAMS 0x000000070ba00000| PB 0x000000070ba00000| Untracked 
|  76|0x000000070bc00000, 0x000000070bc00000, 0x000000070be00000|  0%| F|  |TAMS 0x000000070bc00000| PB 0x000000070bc00000| Untracked 
|  77|0x000000070be00000, 0x000000070be00000, 0x000000070c000000|  0%| F|  |TAMS 0x000000070be00000| PB 0x000000070be00000| Untracked 
|  78|0x000000070c000000, 0x000000070c000000, 0x000000070c200000|  0%| F|  |TAMS 0x000000070c000000| PB 0x000000070c000000| Untracked 
|  79|0x000000070c200000, 0x000000070c200000, 0x000000070c400000|  0%| F|  |TAMS 0x000000070c200000| PB 0x000000070c200000| Untracked 
|  80|0x000000070c400000, 0x000000070c400000, 0x000000070c600000|  0%| F|  |TAMS 0x000000070c400000| PB 0x000000070c400000| Untracked 
|  81|0x000000070c600000, 0x000000070c600000, 0x000000070c800000|  0%| F|  |TAMS 0x000000070c600000| PB 0x000000070c600000| Untracked 
|  82|0x000000070c800000, 0x000000070c800000, 0x000000070ca00000|  0%| F|  |TAMS 0x000000070c800000| PB 0x000000070c800000| Untracked 
|  83|0x000000070ca00000, 0x000000070ca00000, 0x000000070cc00000|  0%| F|  |TAMS 0x000000070ca00000| PB 0x000000070ca00000| Untracked 
|  84|0x000000070cc00000, 0x000000070cc00000, 0x000000070ce00000|  0%| F|  |TAMS 0x000000070cc00000| PB 0x000000070cc00000| Untracked 
|  85|0x000000070ce00000, 0x000000070cf4cda0, 0x000000070d000000| 65%| E|  |TAMS 0x000000070ce00000| PB 0x000000070ce00000| Complete 
|  86|0x000000070d000000, 0x000000070d200000, 0x000000070d200000|100%| E|CS|TAMS 0x000000070d000000| PB 0x000000070d000000| Complete 
|  87|0x000000070d200000, 0x000000070d400000, 0x000000070d400000|100%| E|CS|TAMS 0x000000070d200000| PB 0x000000070d200000| Complete 
|  88|0x000000070d400000, 0x000000070d600000, 0x000000070d600000|100%| E|CS|TAMS 0x000000070d400000| PB 0x000000070d400000| Complete 
|  89|0x000000070d600000, 0x000000070d800000, 0x000000070d800000|100%| E|CS|TAMS 0x000000070d600000| PB 0x000000070d600000| Complete 
|  90|0x000000070d800000, 0x000000070da00000, 0x000000070da00000|100%| E|CS|TAMS 0x000000070d800000| PB 0x000000070d800000| Complete 
|  91|0x000000070da00000, 0x000000070dc00000, 0x000000070dc00000|100%| E|CS|TAMS 0x000000070da00000| PB 0x000000070da00000| Complete 
|  92|0x000000070dc00000, 0x000000070de00000, 0x000000070de00000|100%| E|CS|TAMS 0x000000070dc00000| PB 0x000000070dc00000| Complete 
|  93|0x000000070de00000, 0x000000070e000000, 0x000000070e000000|100%| E|CS|TAMS 0x000000070de00000| PB 0x000000070de00000| Complete 
|  94|0x000000070e000000, 0x000000070e200000, 0x000000070e200000|100%| E|CS|TAMS 0x000000070e000000| PB 0x000000070e000000| Complete 
|  95|0x000000070e200000, 0x000000070e400000, 0x000000070e400000|100%| E|CS|TAMS 0x000000070e200000| PB 0x000000070e200000| Complete 
|  96|0x000000070e400000, 0x000000070e600000, 0x000000070e600000|100%| E|CS|TAMS 0x000000070e400000| PB 0x000000070e400000| Complete 
|  97|0x000000070e600000, 0x000000070e800000, 0x000000070e800000|100%| E|  |TAMS 0x000000070e600000| PB 0x000000070e600000| Complete 
|  98|0x000000070e800000, 0x000000070ea00000, 0x000000070ea00000|100%| E|CS|TAMS 0x000000070e800000| PB 0x000000070e800000| Complete 
|  99|0x000000070ea00000, 0x000000070ec00000, 0x000000070ec00000|100%| E|CS|TAMS 0x000000070ea00000| PB 0x000000070ea00000| Complete 
| 100|0x000000070ec00000, 0x000000070ee00000, 0x000000070ee00000|100%| E|CS|TAMS 0x000000070ec00000| PB 0x000000070ec00000| Complete 
| 101|0x000000070ee00000, 0x000000070f000000, 0x000000070f000000|100%| E|CS|TAMS 0x000000070ee00000| PB 0x000000070ee00000| Complete 
| 102|0x000000070f000000, 0x000000070f200000, 0x000000070f200000|100%| E|CS|TAMS 0x000000070f000000| PB 0x000000070f000000| Complete 
| 103|0x000000070f200000, 0x000000070f400000, 0x000000070f400000|100%| E|CS|TAMS 0x000000070f200000| PB 0x000000070f200000| Complete 
| 104|0x000000070f400000, 0x000000070f600000, 0x000000070f600000|100%| E|CS|TAMS 0x000000070f400000| PB 0x000000070f400000| Complete 
| 105|0x000000070f600000, 0x000000070f800000, 0x000000070f800000|100%| E|CS|TAMS 0x000000070f600000| PB 0x000000070f600000| Complete 
| 106|0x000000070f800000, 0x000000070fa00000, 0x000000070fa00000|100%| E|CS|TAMS 0x000000070f800000| PB 0x000000070f800000| Complete 
| 107|0x000000070fa00000, 0x000000070fc00000, 0x000000070fc00000|100%| E|CS|TAMS 0x000000070fa00000| PB 0x000000070fa00000| Complete 
| 108|0x000000070fc00000, 0x000000070fdea140, 0x000000070fe00000| 95%| S|CS|TAMS 0x000000070fc00000| PB 0x000000070fc00000| Complete 
| 109|0x000000070fe00000, 0x0000000710000000, 0x0000000710000000|100%| E|CS|TAMS 0x000000070fe00000| PB 0x000000070fe00000| Complete 
| 110|0x0000000710000000, 0x0000000710200000, 0x0000000710200000|100%| E|CS|TAMS 0x0000000710000000| PB 0x0000000710000000| Complete 
| 111|0x0000000710200000, 0x0000000710400000, 0x0000000710400000|100%| E|CS|TAMS 0x0000000710200000| PB 0x0000000710200000| Complete 
| 112|0x0000000710400000, 0x0000000710600000, 0x0000000710600000|100%| E|CS|TAMS 0x0000000710400000| PB 0x0000000710400000| Complete 
| 113|0x0000000710600000, 0x0000000710800000, 0x0000000710800000|100%| E|CS|TAMS 0x0000000710600000| PB 0x0000000710600000| Complete 
| 114|0x0000000710800000, 0x0000000710a00000, 0x0000000710a00000|100%| E|CS|TAMS 0x0000000710800000| PB 0x0000000710800000| Complete 
| 115|0x0000000710a00000, 0x0000000710c00000, 0x0000000710c00000|100%| E|CS|TAMS 0x0000000710a00000| PB 0x0000000710a00000| Complete 
| 116|0x0000000710c00000, 0x0000000710e00000, 0x0000000710e00000|100%| E|CS|TAMS 0x0000000710c00000| PB 0x0000000710c00000| Complete 
| 117|0x0000000710e00000, 0x0000000711000000, 0x0000000711000000|100%| E|CS|TAMS 0x0000000710e00000| PB 0x0000000710e00000| Complete 
| 118|0x0000000711000000, 0x0000000711200000, 0x0000000711200000|100%| E|CS|TAMS 0x0000000711000000| PB 0x0000000711000000| Complete 
| 119|0x0000000711200000, 0x0000000711400000, 0x0000000711400000|100%| E|CS|TAMS 0x0000000711200000| PB 0x0000000711200000| Complete 
| 120|0x0000000711400000, 0x0000000711600000, 0x0000000711600000|100%| E|CS|TAMS 0x0000000711400000| PB 0x0000000711400000| Complete 
| 121|0x0000000711600000, 0x0000000711800000, 0x0000000711800000|100%| E|CS|TAMS 0x0000000711600000| PB 0x0000000711600000| Complete 
| 122|0x0000000711800000, 0x0000000711a00000, 0x0000000711a00000|100%| E|CS|TAMS 0x0000000711800000| PB 0x0000000711800000| Complete 
| 123|0x0000000711a00000, 0x0000000711c00000, 0x0000000711c00000|100%| E|CS|TAMS 0x0000000711a00000| PB 0x0000000711a00000| Complete 
| 124|0x0000000711c00000, 0x0000000711e00000, 0x0000000711e00000|100%| E|CS|TAMS 0x0000000711c00000| PB 0x0000000711c00000| Complete 
| 125|0x0000000711e00000, 0x0000000712000000, 0x0000000712000000|100%| E|CS|TAMS 0x0000000711e00000| PB 0x0000000711e00000| Complete 
| 126|0x0000000712000000, 0x0000000712200000, 0x0000000712200000|100%| E|CS|TAMS 0x0000000712000000| PB 0x0000000712000000| Complete 

Card table byte_map: [0x000002009d5b0000,0x000002009dda0000] _byte_map_base: 0x0000020099d9e000

Marking Bits: (CMBitMap*) 0x0000020089af7420
 Bits: [0x000002009dda0000, 0x00000200a1d10000)

Polling page: 0x0000020089210000

Metaspace:

Usage:
  Non-class:     14.56 MB used.
      Class:      1.92 MB used.
       Both:     16.48 MB used.

Virtual space:
  Non-class space:       64.00 MB reserved,      14.69 MB ( 23%) committed,  1 nodes.
      Class space:        1.00 GB reserved,       2.06 MB ( <1%) committed,  1 nodes.
             Both:        1.06 GB reserved,      16.75 MB (  2%) committed. 

Chunk freelists:
   Non-Class:  1.19 MB
       Class:  13.84 MB
        Both:  15.03 MB

MaxMetaspaceSize: unlimited
CompressedClassSpaceSize: 1.00 GB
Initial GC threshold: 21.00 MB
Current GC threshold: 21.00 MB
CDS: on
 - commit_granule_bytes: 65536.
 - commit_granule_words: 8192.
 - virtual_space_node_default_size: 8388608.
 - enlarge_chunks_in_place: 1.
 - use_allocation_guard: 0.


Internal statistics:

num_allocs_failed_limit: 0.
num_arena_births: 178.
num_arena_deaths: 0.
num_vsnodes_births: 2.
num_vsnodes_deaths: 0.
num_space_committed: 268.
num_space_uncommitted: 0.
num_chunks_returned_to_freelist: 0.
num_chunks_taken_from_freelist: 736.
num_chunk_merges: 0.
num_chunk_splits: 514.
num_chunks_enlarged: 426.
num_inconsistent_stats: 0.

CodeHeap 'non-profiled nmethods': size=120000Kb used=1921Kb max_used=1921Kb free=118079Kb
 bounds [0x0000020095560000, 0x00000200957d0000, 0x000002009ca90000]
CodeHeap 'profiled nmethods': size=120000Kb used=8264Kb max_used=8264Kb free=111735Kb
 bounds [0x000002008da90000, 0x000002008e2b0000, 0x0000020094fc0000]
CodeHeap 'non-nmethods': size=5760Kb used=1398Kb max_used=1447Kb free=4362Kb
 bounds [0x0000020094fc0000, 0x0000020095230000, 0x0000020095560000]
 total_blobs=4648 nmethods=4155 adapters=397
 compilation: enabled
              stopped_count=0, restarted_count=0
 full_count=0

Compilation events (20 events):
Event: 7.969 Thread 0x00000200a48f2530 nmethod 4116 0x000002008e288390 code [0x000002008e288660, 0x000002008e289390]
Event: 7.969 Thread 0x00000200a48f2530 4117       1       org.apache.maven.model.Model::setOrganization (6 bytes)
Event: 7.969 Thread 0x00000200a48f2530 nmethod 4117 0x000002009573b910 code [0x000002009573baa0, 0x000002009573bbc0]
Event: 7.969 Thread 0x00000200a48f2530 4118       1       org.apache.maven.model.Organization::setName (6 bytes)
Event: 7.969 Thread 0x00000200a48f2530 nmethod 4118 0x000002009573bc10 code [0x000002009573bda0, 0x000002009573beb8]
Event: 7.969 Thread 0x00000200a48f2530 4119       1       org.apache.maven.model.Organization::setUrl (6 bytes)
Event: 7.969 Thread 0x00000200a48f2530 nmethod 4119 0x000002009573bf10 code [0x000002009573c0a0, 0x000002009573c1b8]
Event: 7.971 Thread 0x00000200eaf97ad0 4120       4       java.util.HashMap::containsKey (14 bytes)
Event: 7.972 Thread 0x00000200eaf981a0 4121       4       java.util.AbstractSet::<init> (5 bytes)
Event: 7.973 Thread 0x00000200eaf981a0 nmethod 4121 0x000002009573c210 code [0x000002009573c3a0, 0x000002009573c428]
Event: 7.977 Thread 0x00000200eaf97ad0 nmethod 4120 0x000002009573c510 code [0x000002009573c6c0, 0x000002009573c990]
Event: 7.979 Thread 0x00000200eaf97ad0 4122   !   4       org.apache.maven.model.ConfigurationContainer::clone (98 bytes)
Event: 7.979 Thread 0x00000200a48f2530 4123       3       org.apache.maven.model.Repository::<init> (5 bytes)
Event: 7.980 Thread 0x00000200a48f2530 nmethod 4123 0x000002008e289910 code [0x000002008e289ac0, 0x000002008e289d00]
Event: 7.980 Thread 0x00000200a48f2530 4124       3       org.apache.maven.model.RepositoryBase::<init> (11 bytes)
Event: 7.980 Thread 0x00000200a48f2530 nmethod 4124 0x000002008e289e10 code [0x000002008e289fc0, 0x000002008e28a198]
Event: 7.986 Thread 0x00000200a48f2530 4125       1       java.util.Formatter$FixedString::index (3 bytes)
Event: 7.986 Thread 0x00000200a48f2530 nmethod 4125 0x000002009573cc10 code [0x000002009573cda0, 0x000002009573ce68]
Event: 7.993 Thread 0x00000200eaf97ad0 nmethod 4122 0x000002009573cf10 code [0x000002009573d100, 0x000002009573d780]
Event: 7.996 Thread 0x00000200a48f2530 4126   !   3       org.codehaus.plexus.interpolation.RegexBasedInterpolator::interpolate (313 bytes)

GC Heap History (4 events):
Event: 2.966 GC heap before
{Heap before GC invocations=0 (full 0):
 garbage-first heap   total 260096K, used 22528K [0x0000000702400000, 0x0000000800000000)
  region size 2048K, 11 young (22528K), 0 survivors (0K)
 Metaspace       used 5939K, committed 6080K, reserved 1114112K
  class space    used 693K, committed 768K, reserved 1048576K
}
Event: 2.973 GC heap after
{Heap after GC invocations=1 (full 0):
 garbage-first heap   total 260096K, used 3864K [0x0000000702400000, 0x0000000800000000)
  region size 2048K, 2 young (4096K), 2 survivors (4096K)
 Metaspace       used 5939K, committed 6080K, reserved 1114112K
  class space    used 693K, committed 768K, reserved 1048576K
}
Event: 4.331 GC heap before
{Heap before GC invocations=1 (full 0):
 garbage-first heap   total 260096K, used 36632K [0x0000000702400000, 0x0000000800000000)
  region size 2048K, 18 young (36864K), 2 survivors (4096K)
 Metaspace       used 10337K, committed 10496K, reserved 1114112K
  class space    used 1231K, committed 1280K, reserved 1048576K
}
Event: 4.339 GC heap after
{Heap after GC invocations=2 (full 0):
 garbage-first heap   total 260096K, used 5592K [0x0000000702400000, 0x0000000800000000)
  region size 2048K, 1 young (2048K), 1 survivors (2048K)
 Metaspace       used 10337K, committed 10496K, reserved 1114112K
  class space    used 1231K, committed 1280K, reserved 1048576K
}

Dll operation events (3 events):
Event: 0.025 Loaded shared library C:\Program Files\JetBrains\IntelliJ IDEA Community Edition 2025.1.2\jbr\bin\java.dll
Event: 0.092 Loaded shared library C:\Program Files\JetBrains\IntelliJ IDEA Community Edition 2025.1.2\jbr\bin\zip.dll
Event: 1.058 Loaded shared library C:\Program Files\JetBrains\IntelliJ IDEA Community Edition 2025.1.2\jbr\bin\verify.dll

Deoptimization events (20 events):
Event: 7.511 Thread 0x000002008781ed30 DEOPT PACKING pc=0x00000200957086d0 sp=0x00000011f61fc990
Event: 7.511 Thread 0x000002008781ed30 DEOPT UNPACKING pc=0x00000200950146a2 sp=0x00000011f61fc918 mode 2
Event: 7.653 Thread 0x000002008781ed30 Uncommon trap: trap_request=0xffffff6e fr.pc=0x0000020095726418 relative=0x0000000000000358
Event: 7.653 Thread 0x000002008781ed30 Uncommon trap: reason=loop_limit_check action=maybe_recompile pc=0x0000020095726418 method=java.util.regex.Pattern$Start.match(Ljava/util/regex/Matcher;ILjava/lang/CharSequence;)Z @ 34 c2
Event: 7.653 Thread 0x000002008781ed30 DEOPT PACKING pc=0x0000020095726418 sp=0x00000011f61fca30
Event: 7.654 Thread 0x000002008781ed30 DEOPT UNPACKING pc=0x00000200950146a2 sp=0x00000011f61fc950 mode 2
Event: 7.731 Thread 0x000002008781ed30 Uncommon trap: trap_request=0xffffff45 fr.pc=0x00000200957193c0 relative=0x0000000000000320
Event: 7.731 Thread 0x000002008781ed30 Uncommon trap: reason=unstable_if action=reinterpret pc=0x00000200957193c0 method=org.apache.maven.model.ConfigurationContainer.getLocation(Ljava/lang/Object;)Lorg/apache/maven/model/InputLocation; @ 18 c2
Event: 7.731 Thread 0x000002008781ed30 DEOPT PACKING pc=0x00000200957193c0 sp=0x00000011f61fc580
Event: 7.731 Thread 0x000002008781ed30 DEOPT UNPACKING pc=0x00000200950146a2 sp=0x00000011f61fc520 mode 2
Event: 7.763 Thread 0x000002008781ed30 Uncommon trap: trap_request=0xffffff45 fr.pc=0x0000020095624320 relative=0x00000000000001e0
Event: 7.763 Thread 0x000002008781ed30 Uncommon trap: reason=unstable_if action=reinterpret pc=0x0000020095624320 method=java.util.HashMap.getNode(Ljava/lang/Object;)Ljava/util/HashMap$Node; @ 66 c2
Event: 7.763 Thread 0x000002008781ed30 DEOPT PACKING pc=0x0000020095624320 sp=0x00000011f61fd1c0
Event: 7.763 Thread 0x000002008781ed30 DEOPT UNPACKING pc=0x00000200950146a2 sp=0x00000011f61fd0d0 mode 2
Event: 7.777 Thread 0x000002008781ed30 DEOPT PACKING pc=0x000002008e1b4b5d sp=0x00000011f61fc820
Event: 7.777 Thread 0x000002008781ed30 DEOPT UNPACKING pc=0x0000020095014e42 sp=0x00000011f61fbd60 mode 0
Event: 7.810 Thread 0x000002008781ed30 Uncommon trap: trap_request=0xffffff45 fr.pc=0x00000200957015d0 relative=0x0000000000000830
Event: 7.810 Thread 0x000002008781ed30 Uncommon trap: reason=unstable_if action=reinterpret pc=0x00000200957015d0 method=java.util.HashMap.putVal(ILjava/lang/Object;Ljava/lang/Object;ZZ)Ljava/lang/Object; @ 193 c2
Event: 7.810 Thread 0x000002008781ed30 DEOPT PACKING pc=0x00000200957015d0 sp=0x00000011f61fc780
Event: 7.810 Thread 0x000002008781ed30 DEOPT UNPACKING pc=0x00000200950146a2 sp=0x00000011f61fc690 mode 2

Classes loaded (20 events):
Event: 6.001 Loading class java/util/stream/IntStream
Event: 6.001 Loading class java/util/stream/IntStream done
Event: 6.001 Loading class java/util/stream/IntPipeline$Head
Event: 6.001 Loading class java/util/stream/IntPipeline
Event: 6.002 Loading class java/util/stream/IntPipeline done
Event: 6.002 Loading class java/util/stream/IntPipeline$Head done
Event: 6.015 Loading class java/util/StringTokenizer
Event: 6.015 Loading class java/util/StringTokenizer done
Event: 6.163 Loading class java/util/stream/Streams$RangeIntSpliterator
Event: 6.163 Loading class java/util/stream/Streams$RangeIntSpliterator done
Event: 6.772 Loading class java/util/stream/MatchOps$MatchKind
Event: 6.772 Loading class java/util/stream/MatchOps$MatchKind done
Event: 6.772 Loading class java/util/stream/MatchOps
Event: 6.772 Loading class java/util/stream/MatchOps done
Event: 6.773 Loading class java/util/stream/MatchOps$MatchOp
Event: 6.773 Loading class java/util/stream/MatchOps$MatchOp done
Event: 6.773 Loading class java/util/stream/MatchOps$BooleanTerminalSink
Event: 6.773 Loading class java/util/stream/MatchOps$BooleanTerminalSink done
Event: 6.773 Loading class java/util/stream/MatchOps$1MatchSink
Event: 6.774 Loading class java/util/stream/MatchOps$1MatchSink done

Classes unloaded (0 events):
No events

Classes redefined (0 events):
No events

Internal exceptions (20 events):
Event: 4.539 Thread 0x000002008781ed30 Exception <a 'java/lang/ExceptionInInitializerError'{0x0000000711c3a810}> (0x0000000711c3a810) 
thrown [s\src\hotspot\share\oops\instanceKlass.cpp, line 1234]
Event: 4.601 Thread 0x000002008781ed30 Exception <a 'java/lang/NoSuchMethodError'{0x0000000711d4c8d8}: 'long java.lang.invoke.DirectMethodHandle$Holder.invokeStatic(java.lang.Object, java.lang.Object, int)'> (0x0000000711d4c8d8) 
thrown [s\src\hotspot\share\interpreter\linkResolver.cpp, line 784]
Event: 4.604 Thread 0x000002008781ed30 Exception <a 'java/lang/NoSuchMethodError'{0x0000000711d60080}: 'java.lang.Object java.lang.invoke.DirectMethodHandle$Holder.invokeStatic(java.lang.Object, java.lang.Object, java.lang.Object, java.lang.Object, int)'> (0x0000000711d60080) 
thrown [s\src\hotspot\share\interpreter\linkResolver.cpp, line 784]
Event: 4.606 Thread 0x000002008781ed30 Exception <a 'java/lang/NoSuchMethodError'{0x0000000711d68258}: 'java.lang.Object java.lang.invoke.DirectMethodHandle$Holder.invokeSpecial(java.lang.Object, java.lang.Object, java.lang.Object, java.lang.Object, long)'> (0x0000000711d68258) 
thrown [s\src\hotspot\share\interpreter\linkResolver.cpp, line 784]
Event: 4.608 Thread 0x000002008781ed30 Exception <a 'java/lang/NoSuchMethodError'{0x0000000711d74058}: 'java.lang.Object java.lang.invoke.DirectMethodHandle$Holder.invokeSpecial(java.lang.Object, java.lang.Object, java.lang.Object, int, java.lang.Object)'> (0x0000000711d74058) 
thrown [s\src\hotspot\share\interpreter\linkResolver.cpp, line 784]
Event: 4.615 Thread 0x000002008781ed30 Exception <a 'java/lang/NoSuchMethodError'{0x0000000711d7c3a8}: 'int java.lang.invoke.DirectMethodHandle$Holder.invokeSpecial(java.lang.Object, java.lang.Object, java.lang.Object, int)'> (0x0000000711d7c3a8) 
thrown [s\src\hotspot\share\interpreter\linkResolver.cpp, line 784]
Event: 4.622 Thread 0x000002008781ed30 Implicit null exception at 0x00000200955e8d3d to 0x00000200955e8ee0
Event: 4.624 Thread 0x000002008781ed30 Exception <a 'java/lang/NoSuchMethodError'{0x0000000711da14e0}: 'java.lang.Object java.lang.invoke.Invokers$Holder.invokeExact_MT(java.lang.Object, int, java.lang.Object)'> (0x0000000711da14e0) 
thrown [s\src\hotspot\share\interpreter\linkResolver.cpp, line 784]
Event: 5.110 Thread 0x000002008781ed30 Exception <a 'java/lang/NoSuchMethodError'{0x000000071159abf8}: 'void java.lang.invoke.Invokers$Holder.invokeExact_MT(java.lang.Object, java.lang.Object, java.lang.Object, java.lang.Object)'> (0x000000071159abf8) 
thrown [s\src\hotspot\share\interpreter\linkResolver.cpp, line 784]
Event: 5.172 Thread 0x000002008781ed30 Exception <a 'java/lang/NoClassDefFoundError'{0x0000000711230708}: com/google/inject/servlet/ServletModuleTargetVisitor> (0x0000000711230708) 
thrown [s\src\hotspot\share\classfile\systemDictionary.cpp, line 301]
Event: 5.352 Thread 0x000002008781ed30 Exception <a 'java/lang/NoSuchMethodError'{0x00000007113f5658}: 'void java.lang.invoke.DirectMethodHandle$Holder.invokeVirtual(java.lang.Object, java.lang.Object)'> (0x00000007113f5658) 
thrown [s\src\hotspot\share\interpreter\linkResolver.cpp, line 784]
Event: 5.486 Thread 0x000002008781ed30 Exception <a 'java/lang/NoSuchMethodError'{0x00000007110759c0}: 'java.lang.Object java.lang.invoke.DirectMethodHandle$Holder.invokeStaticInit(java.lang.Object, int, int, int, int)'> (0x00000007110759c0) 
thrown [s\src\hotspot\share\interpreter\linkResolver.cpp, line 784]
Event: 5.771 Thread 0x000002008781ed30 Implicit null exception at 0x00000200955997a4 to 0x0000020095599de4
Event: 5.771 Thread 0x000002008781ed30 Implicit null exception at 0x000002009559a7a0 to 0x000002009559addc
Event: 5.866 Thread 0x000002008781ed30 Exception <a 'java/lang/NoSuchMethodError'{0x0000000710a60328}: 'void java.lang.invoke.DirectMethodHandle$Holder.invokeSpecial(java.lang.Object, java.lang.Object, java.lang.Object, java.lang.Object, java.lang.Object)'> (0x0000000710a60328) 
thrown [s\src\hotspot\share\interpreter\linkResolver.cpp, line 784]
Event: 5.874 Thread 0x000002008781ed30 Exception <a 'java/lang/NoSuchMethodError'{0x0000000710a7ae50}: 'void java.lang.invoke.DirectMethodHandle$Holder.invokeSpecial(java.lang.Object, java.lang.Object, java.lang.Object, java.lang.Object, java.lang.Object, java.lang.Object)'> (0x0000000710a7ae50) 
thrown [s\src\hotspot\share\interpreter\linkResolver.cpp, line 784]
Event: 5.917 Thread 0x000002008781ed30 Exception <a 'java/lang/NoSuchMethodError'{0x0000000710b703c8}: 'java.lang.Object java.lang.invoke.DirectMethodHandle$Holder.invokeVirtual(java.lang.Object, java.lang.Object, java.lang.Object)'> (0x0000000710b703c8) 
thrown [s\src\hotspot\share\interpreter\linkResolver.cpp, line 784]
Event: 6.046 Thread 0x000002008781ed30 Exception <a 'java/lang/NoSuchMethodError'{0x0000000710975040}: 'void java.lang.invoke.DirectMethodHandle$Holder.invokeVirtual(java.lang.Object, java.lang.Object, int)'> (0x0000000710975040) 
thrown [s\src\hotspot\share\interpreter\linkResolver.cpp, line 784]
Event: 6.047 Thread 0x000002008781ed30 Exception <a 'java/lang/NoSuchMethodError'{0x0000000710978e50}: 'void java.lang.invoke.DirectMethodHandle$Holder.invokeSpecial(java.lang.Object, java.lang.Object, java.lang.Object, int)'> (0x0000000710978e50) 
thrown [s\src\hotspot\share\interpreter\linkResolver.cpp, line 784]
Event: 6.048 Thread 0x000002008781ed30 Exception <a 'java/lang/NoSuchMethodError'{0x000000071097c530}: 'void java.lang.invoke.DelegatingMethodHandle$Holder.reinvoke_L(java.lang.Object, java.lang.Object, int)'> (0x000000071097c530) 
thrown [s\src\hotspot\share\interpreter\linkResolver.cpp, line 784]

ZGC Phase Switch (0 events):
No events

VM Operations (20 events):
Event: 5.099 Executing VM operation: HandshakeAllThreads (Deoptimize)
Event: 5.099 Executing VM operation: HandshakeAllThreads (Deoptimize) done
Event: 5.384 Executing VM operation: HandshakeAllThreads (Deoptimize)
Event: 5.385 Executing VM operation: HandshakeAllThreads (Deoptimize) done
Event: 5.538 Executing VM operation: HandshakeAllThreads (Deoptimize)
Event: 5.538 Executing VM operation: HandshakeAllThreads (Deoptimize) done
Event: 5.618 Executing VM operation: HandshakeAllThreads (Deoptimize)
Event: 5.618 Executing VM operation: HandshakeAllThreads (Deoptimize) done
Event: 5.655 Executing VM operation: HandshakeAllThreads (Deoptimize)
Event: 5.655 Executing VM operation: HandshakeAllThreads (Deoptimize) done
Event: 5.719 Executing VM operation: HandshakeAllThreads (Deoptimize)
Event: 5.719 Executing VM operation: HandshakeAllThreads (Deoptimize) done
Event: 5.720 Executing VM operation: HandshakeAllThreads (Deoptimize)
Event: 5.720 Executing VM operation: HandshakeAllThreads (Deoptimize) done
Event: 5.938 Executing VM operation: ICBufferFull
Event: 5.939 Executing VM operation: ICBufferFull done
Event: 6.610 Executing VM operation: ICBufferFull
Event: 6.610 Executing VM operation: ICBufferFull done
Event: 7.350 Executing VM operation: ICBufferFull
Event: 7.350 Executing VM operation: ICBufferFull done

Memory protections (0 events):
No events

Nmethod flushes (0 events):
No events

Events (20 events):
Event: 0.109 Thread 0x000002008781ed30 Thread added: 0x00000200a48f0a90
Event: 0.109 Thread 0x000002008781ed30 Thread added: 0x00000200a48f2530
Event: 0.170 Thread 0x000002008781ed30 Thread added: 0x00000200a4a345f0
Event: 0.176 Thread 0x000002008781ed30 Thread added: 0x00000200a4a36e20
Event: 0.184 Loaded shared library C:\Program Files\JetBrains\IntelliJ IDEA Community Edition 2025.1.2\jbr\bin\net.dll
Event: 0.189 Loaded shared library C:\Program Files\JetBrains\IntelliJ IDEA Community Edition 2025.1.2\jbr\bin\nio.dll
Event: 0.200 Loaded shared library C:\Program Files\JetBrains\IntelliJ IDEA Community Edition 2025.1.2\jbr\bin\zip.dll
Event: 0.894 Thread 0x000002008781ed30 Thread added: 0x00000200a4c5d700
Event: 0.938 Loaded shared library C:\Program Files\JetBrains\IntelliJ IDEA Community Edition 2025.1.2\plugins\maven\lib\maven3\lib\jansi-native\Windows\x86_64\jansi.dll
Event: 1.020 Loaded shared library C:\Program Files\JetBrains\IntelliJ IDEA Community Edition 2025.1.2\jbr\bin\jimage.dll
Event: 1.133 Thread 0x00000200a4c5d700 Thread exited: 0x00000200a4c5d700
Event: 1.557 Thread 0x00000200a48f2530 Thread added: 0x00000200ea2ba530
Event: 1.922 Thread 0x00000200ea2ba530 Thread exited: 0x00000200ea2ba530
Event: 2.876 Thread 0x00000200a48f0a90 Thread added: 0x00000200ea9af290
Event: 4.047 Thread 0x00000200ea9af290 Thread exited: 0x00000200ea9af290
Event: 4.811 Thread 0x00000200a48f2530 Thread added: 0x00000200eaa3f320
Event: 5.578 Thread 0x00000200eaa3f320 Thread exited: 0x00000200eaa3f320
Event: 5.654 Thread 0x000002008781ed30 Thread added: 0x00000200eb035cd0
Event: 5.770 Thread 0x00000200a48f2530 Thread added: 0x00000200eaf981a0
Event: 7.845 Thread 0x00000200eaf981a0 Thread added: 0x00000200eaf97ad0


Dynamic libraries:
0x00007ff76b030000 - 0x00007ff76b03a000 	C:\Program Files\JetBrains\IntelliJ IDEA Community Edition 2025.1.2\jbr\bin\java.exe
0x00007fff57ed0000 - 0x00007fff580c8000 	C:\Windows\SYSTEM32\ntdll.dll
0x00007fff57c00000 - 0x00007fff57cc2000 	C:\Windows\System32\KERNEL32.DLL
0x00007fff55560000 - 0x00007fff55856000 	C:\Windows\System32\KERNELBASE.dll
0x00007fff55df0000 - 0x00007fff55ef0000 	C:\Windows\System32\ucrtbase.dll
0x00007fff522c0000 - 0x00007fff522db000 	C:\Program Files\JetBrains\IntelliJ IDEA Community Edition 2025.1.2\jbr\bin\VCRUNTIME140.dll
0x00007fff522a0000 - 0x00007fff522b8000 	C:\Program Files\JetBrains\IntelliJ IDEA Community Edition 2025.1.2\jbr\bin\jli.dll
0x00007fff57a60000 - 0x00007fff57bfd000 	C:\Windows\System32\USER32.dll
0x00007fff55dc0000 - 0x00007fff55de2000 	C:\Windows\System32\win32u.dll
0x00007fff55ef0000 - 0x00007fff55f1b000 	C:\Windows\System32\GDI32.dll
0x00007fff55aa0000 - 0x00007fff55bb9000 	C:\Windows\System32\gdi32full.dll
0x00007fff43690000 - 0x00007fff4392a000 	C:\Windows\WinSxS\amd64_microsoft.windows.common-controls_6595b64144ccf1df_6.0.19041.5915_none_60b4b9d171f9c7c7\COMCTL32.dll
0x00007fff55cd0000 - 0x00007fff55d6d000 	C:\Windows\System32\msvcp_win.dll
0x00007fff55f20000 - 0x00007fff55fbe000 	C:\Windows\System32\msvcrt.dll
0x00007fff57cd0000 - 0x00007fff57cff000 	C:\Windows\System32\IMM32.DLL
0x00007fff54e70000 - 0x00007fff54ea6000 	C:\Windows\system32\DriverStore\FileRepository\nvaci.inf_amd64_f658c3ebd2a88192\nvinitx.dll
0x00007fff56eb0000 - 0x00007fff56f61000 	C:\Windows\System32\ADVAPI32.dll
0x00007fff57050000 - 0x00007fff570ef000 	C:\Windows\System32\sechost.dll
0x00007fff54e60000 - 0x00007fff54e6a000 	C:\Windows\SYSTEM32\VERSION.dll
0x00007fff57d00000 - 0x00007fff57e23000 	C:\Windows\System32\RPCRT4.dll
0x00007fff55910000 - 0x00007fff55937000 	C:\Windows\System32\bcrypt.dll
0x00007fff56630000 - 0x00007fff56d9e000 	C:\Windows\System32\Shell32.dll
0x00007fff53550000 - 0x00007fff53cf4000 	C:\Windows\SYSTEM32\windows.storage.dll
0x00007fff562d0000 - 0x00007fff56623000 	C:\Windows\System32\combase.dll
0x00007fff54df0000 - 0x00007fff54e1b000 	C:\Windows\SYSTEM32\Wldp.dll
0x00007fff561e0000 - 0x00007fff562ad000 	C:\Windows\System32\OLEAUT32.dll
0x00007fff56e00000 - 0x00007fff56ead000 	C:\Windows\System32\SHCORE.dll
0x00007fff56da0000 - 0x00007fff56dfb000 	C:\Windows\System32\shlwapi.dll
0x0000000051850000 - 0x0000000051856000 	C:\Program Files\NVIDIA Corporation\CoProcManager\_etoured.dll
0x00007fff4d230000 - 0x00007fff4d273000 	C:\Program Files\NVIDIA Corporation\CoProcManager\nvd3d9wrapx.dll
0x00007fff57570000 - 0x00007fff579e0000 	C:\Windows\System32\SETUPAPI.dll
0x00007fff55d70000 - 0x00007fff55dbe000 	C:\Windows\System32\cfgmgr32.dll
0x00007fff4d1c0000 - 0x00007fff4d1ed000 	C:\Program Files\NVIDIA Corporation\CoProcManager\nvdxgiwrapx.dll
0x00007fff52220000 - 0x00007fff5222c000 	C:\Program Files\JetBrains\IntelliJ IDEA Community Edition 2025.1.2\jbr\bin\vcruntime140_1.dll
0x00007fff42f20000 - 0x00007fff42fad000 	C:\Program Files\JetBrains\IntelliJ IDEA Community Edition 2025.1.2\jbr\bin\msvcp140.dll
0x00007fff15a70000 - 0x00007fff16831000 	C:\Program Files\JetBrains\IntelliJ IDEA Community Edition 2025.1.2\jbr\bin\server\jvm.dll
0x00007fff560e0000 - 0x00007fff5614b000 	C:\Windows\System32\WS2_32.dll
0x00007fff54ff0000 - 0x00007fff5503b000 	C:\Windows\SYSTEM32\POWRPROF.dll
0x00007fff49b90000 - 0x00007fff49bb7000 	C:\Windows\SYSTEM32\WINMM.dll
0x00007fff54fd0000 - 0x00007fff54fe2000 	C:\Windows\SYSTEM32\UMPDC.dll
0x00007fff53350000 - 0x00007fff53362000 	C:\Windows\SYSTEM32\kernel.appcore.dll
0x00007fff52200000 - 0x00007fff5220a000 	C:\Program Files\JetBrains\IntelliJ IDEA Community Edition 2025.1.2\jbr\bin\jimage.dll
0x00007fff43930000 - 0x00007fff43b31000 	C:\Windows\SYSTEM32\DBGHELP.DLL
0x00007fff3b500000 - 0x00007fff3b534000 	C:\Windows\SYSTEM32\dbgcore.DLL
0x00007fff55c40000 - 0x00007fff55cc2000 	C:\Windows\System32\bcryptPrimitives.dll
0x00007fff51c60000 - 0x00007fff51c80000 	C:\Program Files\JetBrains\IntelliJ IDEA Community Edition 2025.1.2\jbr\bin\java.dll
0x00007fff55490000 - 0x00007fff554b4000 	C:\Windows\SYSTEM32\profapi.dll
0x00007fff51c20000 - 0x00007fff51c38000 	C:\Program Files\JetBrains\IntelliJ IDEA Community Edition 2025.1.2\jbr\bin\zip.dll
0x00007fff52180000 - 0x00007fff52190000 	C:\Program Files\JetBrains\IntelliJ IDEA Community Edition 2025.1.2\jbr\bin\net.dll
0x00007fff4dc30000 - 0x00007fff4dd3a000 	C:\Windows\SYSTEM32\WINHTTP.dll
0x00007fff54bd0000 - 0x00007fff54c3a000 	C:\Windows\system32\mswsock.dll
0x00007fff50740000 - 0x00007fff50756000 	C:\Program Files\JetBrains\IntelliJ IDEA Community Edition 2025.1.2\jbr\bin\nio.dll
0x00007fff506e0000 - 0x00007fff50704000 	C:\Program Files\JetBrains\IntelliJ IDEA Community Edition 2025.1.2\plugins\maven\lib\maven3\lib\jansi-native\Windows\x86_64\jansi.dll
0x00007fff52140000 - 0x00007fff52150000 	C:\Program Files\JetBrains\IntelliJ IDEA Community Edition 2025.1.2\jbr\bin\verify.dll

dbghelp: loaded successfully - version: 4.0.5 - missing functions: none
symbol engine: initialized successfully - sym options: 0x614 - pdb path: .;C:\Program Files\JetBrains\IntelliJ IDEA Community Edition 2025.1.2\jbr\bin;C:\Windows\SYSTEM32;C:\Windows\WinSxS\amd64_microsoft.windows.common-controls_6595b64144ccf1df_6.0.19041.5915_none_60b4b9d171f9c7c7;C:\Windows\system32\DriverStore\FileRepository\nvaci.inf_amd64_f658c3ebd2a88192;C:\Program Files\NVIDIA Corporation\CoProcManager;C:\Program Files\JetBrains\IntelliJ IDEA Community Edition 2025.1.2\jbr\bin\server;C:\Program Files\JetBrains\IntelliJ IDEA Community Edition 2025.1.2\plugins\maven\lib\maven3\lib\jansi-native\Windows\x86_64

VM Arguments:
jvm_args: -Dclassworlds.conf=C:\Program Files\JetBrains\IntelliJ IDEA Community Edition 2025.1.2\plugins\maven\lib\maven3\bin\m2.conf -Dmaven.home=C:\Program Files\JetBrains\IntelliJ IDEA Community Edition 2025.1.2\plugins\maven\lib\maven3 -Dlibrary.jansi.path=C:\Program Files\JetBrains\IntelliJ IDEA Community Edition 2025.1.2\plugins\maven\lib\maven3\lib\jansi-native -Dmaven.multiModuleProjectDirectory=C:\Users\Andrey\IdeaProjects\tender 
java_command: org.codehaus.plexus.classworlds.launcher.Launcher compile
java_class_path (initial): C:\Program Files\JetBrains\IntelliJ IDEA Community Edition 2025.1.2\plugins\maven\lib\maven3\boot\plexus-classworlds-2.8.0.jar
Launcher Type: SUN_STANDARD

[Global flags]
     intx CICompilerCount                          = 4                                         {product} {ergonomic}
     uint ConcGCThreads                            = 2                                         {product} {ergonomic}
     uint G1ConcRefinementThreads                  = 8                                         {product} {ergonomic}
   size_t G1HeapRegionSize                         = 2097152                                   {product} {ergonomic}
    uintx GCDrainStackTargetSize                   = 64                                        {product} {ergonomic}
   size_t InitialHeapSize                          = 266338304                                 {product} {ergonomic}
   size_t MarkStackSize                            = 4194304                                   {product} {ergonomic}
   size_t MaxHeapSize                              = 4257218560                                {product} {ergonomic}
   size_t MaxNewSize                               = 2554331136                                {product} {ergonomic}
   size_t MinHeapDeltaBytes                        = 2097152                                   {product} {ergonomic}
   size_t MinHeapSize                              = 8388608                                   {product} {ergonomic}
    uintx NonNMethodCodeHeapSize                   = 5839372                                {pd product} {ergonomic}
    uintx NonProfiledCodeHeapSize                  = 122909434                              {pd product} {ergonomic}
    uintx ProfiledCodeHeapSize                     = 122909434                              {pd product} {ergonomic}
    uintx ReservedCodeCacheSize                    = 251658240                              {pd product} {ergonomic}
     bool SegmentedCodeCache                       = true                                      {product} {ergonomic}
   size_t SoftMaxHeapSize                          = 4257218560                             {manageable} {ergonomic}
     bool UseCompressedOops                        = true                           {product lp64_product} {ergonomic}
     bool UseG1GC                                  = true                                      {product} {ergonomic}
     bool UseLargePagesIndividualAllocation        = false                                  {pd product} {ergonomic}

Logging:
Log output configuration:
 #0: stdout all=warning uptime,level,tags foldmultilines=false
 #1: stderr all=off uptime,level,tags foldmultilines=false

Environment Variables:
JAVA_HOME=C:\Program Files\JetBrains\IntelliJ IDEA Community Edition 2025.1.2\jbr
PATH=c:\Users\Andrey\AppData\Local\Programs\cursor\resources\app\bin;C:\Windows\system32;C:\Windows;C:\Windows\System32\Wbem;C:\Windows\System32\WindowsPowerShell\v1.0\;C:\Windows\System32\OpenSSH\;C:\Program Files (x86)\NVIDIA Corporation\PhysX\Common;C:\Program Files\Docker\Docker\resources\bin;C:\Program Files\Git\cmd;C:\Users\Andrey\AppData\Local\Microsoft\WindowsApps;C:\Users\Andrey\AppData\Local\Programs\cursor\resources\app\bin;c:\Users\Andrey\AppData\Local\Programs\cursor\resources\app\bin;C:\Program Files\nodejs\;C:\Program Files\PuTTY\;C:\Users\Andrey\AppData\Local\Microsoft\WindowsApps;C:\Users\Andrey\AppData\Local\Programs\cursor\resources\app\bin;C:\Users\Andrey\AppData\Roaming\npm;C:\Program Files\JetBrains\IntelliJ IDEA Community Edition 2025.1.2\plugins\maven\lib\maven3\bin;C:\Program Files\JetBrains\IntelliJ IDEA Community Edition 2025.1.2\jbr\bin;
USERNAME=Andrey
LANG=ru_RU.UTF-8
OS=Windows_NT
PROCESSOR_IDENTIFIER=Intel64 Family 6 Model 42 Stepping 7, GenuineIntel
TMP=C:\Users\Andrey\AppData\Local\Temp
TEMP=C:\Users\Andrey\AppData\Local\Temp




Periodic native trim disabled

JNI global refs:
JNI global refs: 12, weak refs: 0

JNI global refs memory usage: 835, weak refs: 833

Process memory usage:
Resident Set Size: 187256K (1% of 16625516K total physical memory with 1614324K free physical memory)

OOME stack traces (most recent first):
Classloader memory used:
Loader org.codehaus.plexus.classworlds.realm.ClassRealm                                : 12286K
Loader bootstrap                                                                       : 4420K
Loader jdk.internal.loader.ClassLoaders$AppClassLoader                                 : 102120B
Loader org.eclipse.sisu.space.CloningClassSpace$CloningClassLoader                     : 43264B
Loader jdk.internal.loader.ClassLoaders$PlatformClassLoader                            : 40032B

---------------  S Y S T E M  ---------------

OS:
 Windows 10 , 64 bit Build 19041 (10.0.19041.5915)
OS uptime: 0 days 9:49 hours
Hyper-V role detected

CPU: total 8 (initial active 8) (4 cores per cpu, 2 threads per core) family 6 model 42 stepping 7 microcode 0x2f, cx8, cmov, fxsr, ht, mmx, sse, sse2, sse3, ssse3, sse4.1, sse4.2, popcnt, tsc, tscinvbit, avx, aes, clmul, vzeroupper, clflush, hv, rdtscp
Processor Information for the first 8 processors :
  Max Mhz: 2201, Current Mhz: 2200, Mhz Limit: 2178

Memory: 4k page, system-wide physical 16235M (1600M free)
TotalPageFile size 30538M (AvailPageFile size 1315M)
current process WorkingSet (physical memory assigned to process): 183M, peak: 183M
current process commit charge ("private bytes"): 393M, peak: 394M

vm_info: OpenJDK 64-Bit Server VM (21.0.7+9-b895.130) for windows-amd64 JRE (21.0.7+9-b895.130), built on 2025-05-13 by "builduser" with MS VC++ 16.10 / 16.11 (VS2019)

END.
